{"/Users/Fabien/Workspace/camp2_exercises/06_react_redux/01_es6_fundamentals/01_aquarium/01_aquarium.js": {"path":"/Users/Fabien/Workspace/camp2_exercises/06_react_redux/01_es6_fundamentals/01_aquarium/01_aquarium.js","statementMap":{"0":{"start":{"line":4,"column":4},"end":{"line":4,"column":21}},"1":{"start":{"line":5,"column":4},"end":{"line":5,"column":19}},"2":{"start":{"line":6,"column":4},"end":{"line":6,"column":21}},"3":{"start":{"line":12,"column":4},"end":{"line":12,"column":21}},"4":{"start":{"line":18,"column":4},"end":{"line":18,"column":25}},"5":{"start":{"line":19,"column":4},"end":{"line":19,"column":25}},"6":{"start":{"line":22,"column":4},"end":{"line":24,"column":5}},"7":{"start":{"line":23,"column":6},"end":{"line":23,"column":21}},"8":{"start":{"line":25,"column":4},"end":{"line":25,"column":20}},"9":{"start":{"line":28,"column":24},"end":{"line":28,"column":78}},"10":{"start":{"line":28,"column":48},"end":{"line":28,"column":77}},"11":{"start":{"line":29,"column":4},"end":{"line":29,"column":96}},"12":{"start":{"line":32,"column":4},"end":{"line":32,"column":27}},"13":{"start":{"line":33,"column":4},"end":{"line":33,"column":54}},"14":{"start":{"line":36,"column":4},"end":{"line":36,"column":28}},"15":{"start":{"line":39,"column":4},"end":{"line":39,"column":62}},"16":{"start":{"line":39,"column":42},"end":{"line":39,"column":60}},"17":{"start":{"line":42,"column":4},"end":{"line":62,"column":5}},"18":{"start":{"line":43,"column":6},"end":{"line":43,"column":52}},"19":{"start":{"line":44,"column":6},"end":{"line":50,"column":7}},"20":{"start":{"line":45,"column":8},"end":{"line":45,"column":26}},"21":{"start":{"line":46,"column":8},"end":{"line":46,"column":56}},"22":{"start":{"line":48,"column":8},"end":{"line":48,"column":26}},"23":{"start":{"line":49,"column":8},"end":{"line":49,"column":73}},"24":{"start":{"line":51,"column":11},"end":{"line":62,"column":5}},"25":{"start":{"line":52,"column":6},"end":{"line":61,"column":7}},"26":{"start":{"line":53,"column":8},"end":{"line":53,"column":26}},"27":{"start":{"line":54,"column":8},"end":{"line":54,"column":64}},"28":{"start":{"line":56,"column":34},"end":{"line":56,"column":78}},"29":{"start":{"line":56,"column":58},"end":{"line":56,"column":77}},"30":{"start":{"line":57,"column":32},"end":{"line":57,"column":84}},"31":{"start":{"line":58,"column":26},"end":{"line":58,"column":60}},"32":{"start":{"line":59,"column":8},"end":{"line":59,"column":31}},"33":{"start":{"line":60,"column":8},"end":{"line":60,"column":65}},"34":{"start":{"line":65,"column":4},"end":{"line":67,"column":5}},"35":{"start":{"line":66,"column":6},"end":{"line":66,"column":31}},"36":{"start":{"line":68,"column":4},"end":{"line":68,"column":32}},"37":{"start":{"line":89,"column":0},"end":{"line":93,"column":2}}},"fnMap":{"0":{"name":"(anonymous_0)","decl":{"start":{"line":3,"column":2},"end":{"line":3,"column":3}},"loc":{"start":{"line":3,"column":30},"end":{"line":7,"column":3}},"line":3},"1":{"name":"(anonymous_1)","decl":{"start":{"line":11,"column":2},"end":{"line":11,"column":3}},"loc":{"start":{"line":11,"column":19},"end":{"line":13,"column":3}},"line":11},"2":{"name":"(anonymous_2)","decl":{"start":{"line":17,"column":2},"end":{"line":17,"column":3}},"loc":{"start":{"line":17,"column":29},"end":{"line":20,"column":3}},"line":17},"3":{"name":"(anonymous_3)","decl":{"start":{"line":21,"column":2},"end":{"line":21,"column":3}},"loc":{"start":{"line":21,"column":36},"end":{"line":26,"column":3}},"line":21},"4":{"name":"(anonymous_4)","decl":{"start":{"line":27,"column":2},"end":{"line":27,"column":3}},"loc":{"start":{"line":27,"column":11},"end":{"line":30,"column":3}},"line":27},"5":{"name":"(anonymous_5)","decl":{"start":{"line":28,"column":40},"end":{"line":28,"column":41}},"loc":{"start":{"line":28,"column":48},"end":{"line":28,"column":77}},"line":28},"6":{"name":"(anonymous_6)","decl":{"start":{"line":31,"column":2},"end":{"line":31,"column":3}},"loc":{"start":{"line":31,"column":15},"end":{"line":34,"column":3}},"line":31},"7":{"name":"(anonymous_7)","decl":{"start":{"line":35,"column":2},"end":{"line":35,"column":3}},"loc":{"start":{"line":35,"column":17},"end":{"line":37,"column":3}},"line":35},"8":{"name":"(anonymous_8)","decl":{"start":{"line":38,"column":2},"end":{"line":38,"column":3}},"loc":{"start":{"line":38,"column":14},"end":{"line":40,"column":3}},"line":38},"9":{"name":"(anonymous_9)","decl":{"start":{"line":39,"column":37},"end":{"line":39,"column":38}},"loc":{"start":{"line":39,"column":42},"end":{"line":39,"column":60}},"line":39},"10":{"name":"(anonymous_10)","decl":{"start":{"line":41,"column":2},"end":{"line":41,"column":3}},"loc":{"start":{"line":41,"column":11},"end":{"line":63,"column":3}},"line":41},"11":{"name":"(anonymous_11)","decl":{"start":{"line":56,"column":53},"end":{"line":56,"column":54}},"loc":{"start":{"line":56,"column":58},"end":{"line":56,"column":77}},"line":56},"12":{"name":"(anonymous_12)","decl":{"start":{"line":64,"column":2},"end":{"line":64,"column":3}},"loc":{"start":{"line":64,"column":11},"end":{"line":69,"column":3}},"line":64}},"branchMap":{"0":{"loc":{"start":{"line":21,"column":16},"end":{"line":21,"column":35}},"type":"default-arg","locations":[{"start":{"line":21,"column":27},"end":{"line":21,"column":35}}],"line":21},"1":{"loc":{"start":{"line":22,"column":4},"end":{"line":24,"column":5}},"type":"if","locations":[{"start":{"line":22,"column":4},"end":{"line":24,"column":5}},{"start":{"line":22,"column":4},"end":{"line":24,"column":5}}],"line":22},"2":{"loc":{"start":{"line":42,"column":4},"end":{"line":62,"column":5}},"type":"if","locations":[{"start":{"line":42,"column":4},"end":{"line":62,"column":5}},{"start":{"line":42,"column":4},"end":{"line":62,"column":5}}],"line":42},"3":{"loc":{"start":{"line":44,"column":6},"end":{"line":50,"column":7}},"type":"if","locations":[{"start":{"line":44,"column":6},"end":{"line":50,"column":7}},{"start":{"line":44,"column":6},"end":{"line":50,"column":7}}],"line":44},"4":{"loc":{"start":{"line":51,"column":11},"end":{"line":62,"column":5}},"type":"if","locations":[{"start":{"line":51,"column":11},"end":{"line":62,"column":5}},{"start":{"line":51,"column":11},"end":{"line":62,"column":5}}],"line":51},"5":{"loc":{"start":{"line":52,"column":6},"end":{"line":61,"column":7}},"type":"if","locations":[{"start":{"line":52,"column":6},"end":{"line":61,"column":7}},{"start":{"line":52,"column":6},"end":{"line":61,"column":7}}],"line":52}},"s":{"0":5,"1":5,"2":5,"3":3,"4":4,"5":4,"6":1,"7":1,"8":0,"9":1,"10":1,"11":1,"12":1,"13":1,"14":1,"15":1,"16":2,"17":2,"18":1,"19":1,"20":1,"21":1,"22":0,"23":0,"24":1,"25":1,"26":0,"27":0,"28":1,"29":2,"30":1,"31":1,"32":1,"33":1,"34":1,"35":2,"36":1,"37":1},"f":{"0":5,"1":3,"2":4,"3":1,"4":1,"5":1,"6":1,"7":1,"8":1,"9":2,"10":2,"11":2,"12":1},"b":{"0":[1],"1":[1,0],"2":[1,1],"3":[1,0],"4":[1,0],"5":[0,1]},"_coverageSchema":"332fd63041d2c1bcb487cc26dd0d5f7d97098a6c","hash":"11f7081728d3e4d85c20bec5ef1cc2ac79ae3dbe"}
}
