TN:
SF:/Users/Fabien/Workspace/camp2_exercises/06_react_redux/01_es6_fundamentals/01_aquarium/01_aquarium.js
FN:3,(anonymous_0)
FN:11,(anonymous_1)
FN:17,(anonymous_2)
FN:21,(anonymous_3)
FN:27,(anonymous_4)
FN:28,(anonymous_5)
FN:31,(anonymous_6)
FN:35,(anonymous_7)
FN:38,(anonymous_8)
FN:39,(anonymous_9)
FN:41,(anonymous_10)
FN:56,(anonymous_11)
FN:64,(anonymous_12)
FNF:13
FNH:13
FNDA:5,(anonymous_0)
FNDA:3,(anonymous_1)
FNDA:4,(anonymous_2)
FNDA:1,(anonymous_3)
FNDA:1,(anonymous_4)
FNDA:1,(anonymous_5)
FNDA:1,(anonymous_6)
FNDA:1,(anonymous_7)
FNDA:1,(anonymous_8)
FNDA:2,(anonymous_9)
FNDA:2,(anonymous_10)
FNDA:2,(anonymous_11)
FNDA:1,(anonymous_12)
DA:4,5
DA:5,5
DA:6,5
DA:12,3
DA:18,4
DA:19,4
DA:22,1
DA:23,1
DA:25,0
DA:28,1
DA:29,1
DA:32,1
DA:33,1
DA:36,1
DA:39,2
DA:42,2
DA:43,1
DA:44,1
DA:45,1
DA:46,1
DA:48,0
DA:49,0
DA:51,1
DA:52,1
DA:53,0
DA:54,0
DA:56,2
DA:57,1
DA:58,1
DA:59,1
DA:60,1
DA:65,1
DA:66,2
DA:68,1
DA:89,1
LF:35
LH:30
BRDA:21,0,0,1
BRDA:22,1,0,1
BRDA:22,1,1,0
BRDA:42,2,0,1
BRDA:42,2,1,1
BRDA:44,3,0,1
BRDA:44,3,1,0
BRDA:51,4,0,1
BRDA:51,4,1,0
BRDA:52,5,0,0
BRDA:52,5,1,1
BRF:11
BRH:7
end_of_record
